Unity Editor version:    2021.3.6f1 (7da38d85baf6)
Branch:                  2021.3/staging
Build type:              Release
Batch mode:              YES
macOS version:           Version 12.5 (Build 21G72)
Darwin version:          21.6.0
Architecture:            arm64
Running under Rosetta:   NO
Available memory:        8192 MB
Using pre-set license
Pro License: YES

COMMAND LINE ARGUMENTS:
/Applications/Unity/Hub/Editor/2021.3.6f1/Unity.app/Contents/MacOS/Unity
-adb2
-batchMode
-noUpm
-name
AssetImportWorker0
-projectPath
/Users/clewis/dev/sandbox/CMUMocap
-logFile
Logs/AssetImportWorker0.log
-srvPort
56164
Successfully changed project path to: /Users/clewis/dev/sandbox/CMUMocap
/Users/clewis/dev/sandbox/CMUMocap
[UnityMemory] Configuration Parameters - Can be set up in boot.config
    "memorysetup-bucket-allocator-granularity=16"
    "memorysetup-bucket-allocator-bucket-count=8"
    "memorysetup-bucket-allocator-block-size=33554432"
    "memorysetup-bucket-allocator-block-count=8"
    "memorysetup-main-allocator-block-size=16777216"
    "memorysetup-thread-allocator-block-size=16777216"
    "memorysetup-gfx-main-allocator-block-size=16777216"
    "memorysetup-gfx-thread-allocator-block-size=16777216"
    "memorysetup-cache-allocator-block-size=4194304"
    "memorysetup-typetree-allocator-block-size=2097152"
    "memorysetup-profiler-bucket-allocator-granularity=16"
    "memorysetup-profiler-bucket-allocator-bucket-count=8"
    "memorysetup-profiler-bucket-allocator-block-size=33554432"
    "memorysetup-profiler-bucket-allocator-block-count=8"
    "memorysetup-profiler-allocator-block-size=16777216"
    "memorysetup-profiler-editor-allocator-block-size=1048576"
    "memorysetup-temp-allocator-size-main=16777216"
    "memorysetup-job-temp-allocator-block-size=2097152"
    "memorysetup-job-temp-allocator-block-size-background=1048576"
    "memorysetup-job-temp-allocator-reduction-small-platforms=262144"
    "memorysetup-temp-allocator-size-background-worker=32768"
    "memorysetup-temp-allocator-size-job-worker=262144"
    "memorysetup-temp-allocator-size-preload-manager=33554432"
    "memorysetup-temp-allocator-size-nav-mesh-worker=65536"
    "memorysetup-temp-allocator-size-audio-worker=65536"
    "memorysetup-temp-allocator-size-cloud-worker=32768"
    "memorysetup-temp-allocator-size-gi-baking-worker=262144"
    "memorysetup-temp-allocator-size-gfx=262144"
Refreshing native plugins compatible for Editor in 70.38 ms, found 2 plugins.
Preloading 0 native plugins for Editor in 0.00 ms.
Initialize engine version: 2021.3.6f1 (7da38d85baf6)
[Subsystems] Discovering subsystems at path /Applications/Unity/Hub/Editor/2021.3.6f1/Unity.app/Contents/Resources/UnitySubsystems
[Subsystems] Discovering subsystems at path /Users/clewis/dev/sandbox/CMUMocap/Assets
GfxDevice: creating device client; threaded=0; jobified=0
 preferred device: Apple M1 (high power)
Metal devices available: 1
0: Apple M1 (high power)
Using device Apple M1 (high power)
Initializing Metal device caps: Apple M1
Initialize mono
Mono path[0] = '/Applications/Unity/Hub/Editor/2021.3.6f1/Unity.app/Contents/Managed'
Mono path[1] = '/Applications/Unity/Hub/Editor/2021.3.6f1/Unity.app/Contents/MonoBleedingEdge/lib/mono/unityjit-macos'
Mono config path = '/Applications/Unity/Hub/Editor/2021.3.6f1/Unity.app/Contents/MonoBleedingEdge/etc'
Using monoOptions --debugger-agent=transport=dt_socket,embedding=1,server=y,suspend=n,address=127.0.0.1:56140
Begin MonoManager ReloadAssembly
Registering precompiled unity dll's ...
Register platform support module: /Applications/Unity/Hub/Editor/2021.3.6f1/Unity.app/Contents/PlaybackEngines/MacStandaloneSupport/UnityEditor.OSXStandalone.Extensions.dll
Registered in 0.000385 seconds.
Native extension for OSXStandalone target not found
Refreshing native plugins compatible for Editor in 67.96 ms, found 2 plugins.
Preloading 0 native plugins for Editor in 0.00 ms.
Mono: successfully reloaded assembly
- Completed reload, in  0.442 seconds
Domain Reload Profiling:
	ReloadAssembly (442ms)
		BeginReloadAssembly (67ms)
			ExecutionOrderSort (0ms)
			DisableScriptedObjects (0ms)
			BackupInstance (0ms)
			ReleaseScriptingObjects (0ms)
			CreateAndSetChildDomain (0ms)
		EndReloadAssembly (302ms)
			LoadAssemblies (67ms)
			RebuildTransferFunctionScriptingTraits (0ms)
			SetupTypeCache (73ms)
			ReleaseScriptCaches (0ms)
			RebuildScriptCaches (20ms)
			SetupLoadedEditorAssemblies (181ms)
				LogAssemblyErrors (0ms)
				InitializePlatformSupportModulesInManaged (4ms)
				SetLoadedEditorAssemblies (0ms)
				RefreshPlugins (68ms)
				BeforeProcessingInitializeOnLoad (1ms)
				ProcessInitializeOnLoadAttributes (81ms)
				ProcessInitializeOnLoadMethodAttributes (28ms)
				AfterProcessingInitializeOnLoad (0ms)
				EditorAssembliesLoaded (0ms)
			ExecutionOrderSort2 (0ms)
			AwakeInstancesAfterBackupRestoration (0ms)
Platform modules already initialized, skipping
Registering precompiled user dll's ...
Registered in 0.001464 seconds.
Begin MonoManager ReloadAssembly
Symbol file LoadedFromMemory doesn't match image /Users/clewis/dev/sandbox/CMUMocap/Library/PackageCache/com.unity.visualscripting@1.7.8/Editor/VisualScripting.Core/Dependencies/YamlDotNet/Unity.VisualScripting.YamlDotNet.dll
Symbol file LoadedFromMemory doesn't match image /Users/clewis/dev/sandbox/CMUMocap/Library/PackageCache/com.unity.visualscripting@1.7.8/Editor/VisualScripting.Core/Dependencies/DotNetZip/Unity.VisualScripting.IonicZip.dll
Native extension for OSXStandalone target not found
Refreshing native plugins compatible for Editor in 0.30 ms, found 2 plugins.
Preloading 0 native plugins for Editor in 0.00 ms.
Mono: successfully reloaded assembly
- Completed reload, in  0.690 seconds
Domain Reload Profiling:
	ReloadAssembly (690ms)
		BeginReloadAssembly (60ms)
			ExecutionOrderSort (0ms)
			DisableScriptedObjects (3ms)
			BackupInstance (0ms)
			ReleaseScriptingObjects (0ms)
			CreateAndSetChildDomain (20ms)
		EndReloadAssembly (551ms)
			LoadAssemblies (71ms)
			RebuildTransferFunctionScriptingTraits (0ms)
			SetupTypeCache (191ms)
			ReleaseScriptCaches (1ms)
			RebuildScriptCaches (34ms)
			SetupLoadedEditorAssemblies (221ms)
				LogAssemblyErrors (0ms)
				InitializePlatformSupportModulesInManaged (2ms)
				SetLoadedEditorAssemblies (0ms)
				RefreshPlugins (0ms)
				BeforeProcessingInitializeOnLoad (56ms)
				ProcessInitializeOnLoadAttributes (143ms)
				ProcessInitializeOnLoadMethodAttributes (19ms)
				AfterProcessingInitializeOnLoad (1ms)
				EditorAssembliesLoaded (0ms)
			ExecutionOrderSort2 (0ms)
			AwakeInstancesAfterBackupRestoration (2ms)
Platform modules already initialized, skipping
========================================================================
Worker process is ready to serve import requests
Launching external process: /Applications/Unity/Hub/Editor/2021.3.6f1/Unity.app/Contents/Tools/UnityShaderCompiler
Launched and connected shader compiler UnityShaderCompiler after 0.23 seconds
Refreshing native plugins compatible for Editor in 0.37 ms, found 2 plugins.
Preloading 0 native plugins for Editor in 0.00 ms.
Unloading 3368 Unused Serialized files (Serialized files now loaded: 0)
Unloading 27 unused Assets / (94.6 KB). Loaded Objects now: 3825.
Memory consumption went from 229.1 MB to 229.0 MB.
Total: 2.694416 ms (FindLiveObjects: 0.135708 ms CreateObjectMapping: 0.043500 ms MarkObjects: 2.238084 ms  DeleteObjects: 0.274167 ms)

AssetImportParameters requested are different than current active one (requested -> active):
  custom:video-decoder-ogg-theora: a1e56fd34408186e4bbccfd4996cb3dc -> 
  custom:container-muxer-webm: aa71ff27fc2769a1b78a27578f13a17b -> 
  custom:container-demuxer-webm: 4f35f7cbe854078d1ac9338744f61a02 -> 
  custom:video-encoder-webm-vp8: eb34c28f22e8b96e1ab97ce403110664 -> 
  custom:framework-osx-AVFoundation: e770b220cccbd017edd2c1fefb359320 -> 
  custom:audio-encoder-webm-vorbis: bf7c407c2cedff20999df2af8eb42d56 -> 
  custom:container-demuxer-ogg: 62fdf1f143b41e24485cea50d1cbac27 -> 
  custom:video-decoder-webm-vp8: 9c59270c3fd7afecdb556c50c9e8de78 -> 
  custom:audio-decoder-ogg-vorbis: bf7c407c2cedff20999df2af8eb42d56 -> 
========================================================================
Received Import Request.
  Time since last request: 690435.529174 seconds.
  path: Assets/Editor
  artifactKey: Guid(abc793c6d314743298034118a64e3667) Importer(815301076,1909f56bfc062723c751e8b465ee728b)
Start importing Assets/Editor using Guid(abc793c6d314743298034118a64e3667) Importer(815301076,1909f56bfc062723c751e8b465ee728b)  -> (artifact id: '93adb1d916737c950a01eb22936bbd4d') in 0.023352 seconds 
========================================================================
Received Prepare
Registering precompiled user dll's ...
Registered in 0.001265 seconds.
Begin MonoManager ReloadAssembly
Thread 0x2911bb000 may have been prematurely finalized
Symbol file LoadedFromMemory doesn't match image /Users/clewis/dev/sandbox/CMUMocap/Library/PackageCache/com.unity.visualscripting@1.7.8/Editor/VisualScripting.Core/Dependencies/YamlDotNet/Unity.VisualScripting.YamlDotNet.dll
Symbol file LoadedFromMemory doesn't match image /Users/clewis/dev/sandbox/CMUMocap/Library/PackageCache/com.unity.visualscripting@1.7.8/Editor/VisualScripting.Core/Dependencies/DotNetZip/Unity.VisualScripting.IonicZip.dll
Native extension for OSXStandalone target not found
Refreshing native plugins compatible for Editor in 0.66 ms, found 2 plugins.
Preloading 0 native plugins for Editor in 0.00 ms.
Mono: successfully reloaded assembly
- Completed reload, in  0.759 seconds
Domain Reload Profiling:
	ReloadAssembly (760ms)
		BeginReloadAssembly (165ms)
			ExecutionOrderSort (0ms)
			DisableScriptedObjects (4ms)
			BackupInstance (0ms)
			ReleaseScriptingObjects (0ms)
			CreateAndSetChildDomain (86ms)
		EndReloadAssembly (521ms)
			LoadAssemblies (40ms)
			RebuildTransferFunctionScriptingTraits (0ms)
			SetupTypeCache (216ms)
			ReleaseScriptCaches (11ms)
			RebuildScriptCaches (32ms)
			SetupLoadedEditorAssemblies (197ms)
				LogAssemblyErrors (0ms)
				InitializePlatformSupportModulesInManaged (5ms)
				SetLoadedEditorAssemblies (0ms)
				RefreshPlugins (1ms)
				BeforeProcessingInitializeOnLoad (38ms)
				ProcessInitializeOnLoadAttributes (135ms)
				ProcessInitializeOnLoadMethodAttributes (16ms)
				AfterProcessingInitializeOnLoad (1ms)
				EditorAssembliesLoaded (0ms)
			ExecutionOrderSort2 (0ms)
			AwakeInstancesAfterBackupRestoration (3ms)
Platform modules already initialized, skipping
Refreshing native plugins compatible for Editor in 1.22 ms, found 2 plugins.
Preloading 0 native plugins for Editor in 0.00 ms.
Unloading 3364 Unused Serialized files (Serialized files now loaded: 0)
Unloading 20 unused Assets / (71.0 KB). Loaded Objects now: 3829.
Memory consumption went from 229.0 MB to 229.0 MB.
Total: 2.556458 ms (FindLiveObjects: 0.137500 ms CreateObjectMapping: 0.078167 ms MarkObjects: 2.282541 ms  DeleteObjects: 0.057958 ms)

AssetImportParameters requested are different than current active one (requested -> active):
  custom:video-decoder-ogg-theora: a1e56fd34408186e4bbccfd4996cb3dc -> 
  custom:container-muxer-webm: aa71ff27fc2769a1b78a27578f13a17b -> 
  custom:container-demuxer-webm: 4f35f7cbe854078d1ac9338744f61a02 -> 
  custom:video-encoder-webm-vp8: eb34c28f22e8b96e1ab97ce403110664 -> 
  custom:framework-osx-AVFoundation: e770b220cccbd017edd2c1fefb359320 -> 
  custom:audio-encoder-webm-vorbis: bf7c407c2cedff20999df2af8eb42d56 -> 
  custom:container-demuxer-ogg: 62fdf1f143b41e24485cea50d1cbac27 -> 
  custom:video-decoder-webm-vp8: 9c59270c3fd7afecdb556c50c9e8de78 -> 
  custom:audio-decoder-ogg-vorbis: bf7c407c2cedff20999df2af8eb42d56 -> 
========================================================================
Received Import Request.
  Time since last request: 413.087219 seconds.
  path: Assets/CMU Mocap/01
  artifactKey: Guid(95a2e45d783904ef7a637bee86ff69db) Importer(815301076,1909f56bfc062723c751e8b465ee728b)
Start importing Assets/CMU Mocap/01 using Guid(95a2e45d783904ef7a637bee86ff69db) Importer(815301076,1909f56bfc062723c751e8b465ee728b)  -> (artifact id: 'd0bba0e4e19995cd2f57c703cb79f57e') in 0.150986 seconds 
========================================================================
Received Import Request.
  Time since last request: 0.000071 seconds.
  path: Assets/CMU Mocap/01/01_08.fbx
  artifactKey: Guid(4c9bddff18ff946b38905332937a2686) Importer(815301076,1909f56bfc062723c751e8b465ee728b)
Start importing Assets/CMU Mocap/01/01_08.fbx using Guid(4c9bddff18ff946b38905332937a2686) Importer(815301076,1909f56bfc062723c751e8b465ee728b)  -> (artifact id: 'd38a061f0303b69edc72f0bb0f14ced3') in 0.601528 seconds 
========================================================================
Received Import Request.
  Time since last request: 0.000050 seconds.
  path: Assets/CMU Mocap/01/01_11.fbx
  artifactKey: Guid(4ce4b5993e978474bb2f7968d7bd96f4) Importer(815301076,1909f56bfc062723c751e8b465ee728b)
Start importing Assets/CMU Mocap/01/01_11.fbx using Guid(4ce4b5993e978474bb2f7968d7bd96f4) Importer(815301076,1909f56bfc062723c751e8b465ee728b)  -> (artifact id: 'c2fb1e5d1207eac1819410e120ba5b75') in 0.017967 seconds 
========================================================================
Received Import Request.
  Time since last request: 0.000073 seconds.
  path: Assets/CMU Mocap/01/01_12.fbx
  artifactKey: Guid(6c253b118a23c4f54b5128980a2f096a) Importer(815301076,1909f56bfc062723c751e8b465ee728b)
Start importing Assets/CMU Mocap/01/01_12.fbx using Guid(6c253b118a23c4f54b5128980a2f096a) Importer(815301076,1909f56bfc062723c751e8b465ee728b)  -> (artifact id: '8f6a75b73c6e629b4a2529c8c63bbeaa') in 0.011083 seconds 
========================================================================
Received Import Request.
  Time since last request: 0.000055 seconds.
  path: Assets/CMU Mocap/01/01_09.fbx
  artifactKey: Guid(794ec4d2afb1a456e8bf2b5f03ab58f7) Importer(815301076,1909f56bfc062723c751e8b465ee728b)
Start importing Assets/CMU Mocap/01/01_09.fbx using Guid(794ec4d2afb1a456e8bf2b5f03ab58f7) Importer(815301076,1909f56bfc062723c751e8b465ee728b)  -> (artifact id: 'e462d34a3c5adcd7600287a06bdb311f') in 0.013152 seconds 
========================================================================
Received Import Request.
  Time since last request: 0.000053 seconds.
  path: Assets/CMU Mocap/01/01_07.fbx
  artifactKey: Guid(8110083aa75d8486f8760e2ceb4857c0) Importer(815301076,1909f56bfc062723c751e8b465ee728b)
Start importing Assets/CMU Mocap/01/01_07.fbx using Guid(8110083aa75d8486f8760e2ceb4857c0) Importer(815301076,1909f56bfc062723c751e8b465ee728b)  -> (artifact id: 'dd1962cdf81cfbcdec8df1cd50a907b0') in 0.013466 seconds 
========================================================================
Received Import Request.
  Time since last request: 0.000061 seconds.
  path: Assets/CMU Mocap/01/01_06.fbx
  artifactKey: Guid(d93b48fe2a6474de891845a18f78465e) Importer(815301076,1909f56bfc062723c751e8b465ee728b)
Start importing Assets/CMU Mocap/01/01_06.fbx using Guid(d93b48fe2a6474de891845a18f78465e) Importer(815301076,1909f56bfc062723c751e8b465ee728b)  -> (artifact id: '65f57f7bfdcc913df9c8b6c47a7adfeb') in 0.011814 seconds 
========================================================================
Received Import Request.
  Time since last request: 0.000052 seconds.
  path: Assets/CMU Mocap/01/01_14.fbx
  artifactKey: Guid(c9769204ba1b349929dc03a1d99358f4) Importer(815301076,1909f56bfc062723c751e8b465ee728b)
Start importing Assets/CMU Mocap/01/01_14.fbx using Guid(c9769204ba1b349929dc03a1d99358f4) Importer(815301076,1909f56bfc062723c751e8b465ee728b)  -> (artifact id: '45f936d66b364cf8f6c13bbf05c9c154') in 0.009384 seconds 
========================================================================
Received Import Request.
  Time since last request: 188.308264 seconds.
  path: Assets/CMU Mocap/01/01_01.fbx
  artifactKey: Guid(b3bee0f1974c04cae91963a7eb41d63d) Importer(815301076,1909f56bfc062723c751e8b465ee728b)
Start importing Assets/CMU Mocap/01/01_01.fbx using Guid(b3bee0f1974c04cae91963a7eb41d63d) Importer(815301076,1909f56bfc062723c751e8b465ee728b)  -> (artifact id: 'a7a4e4310b175ec86493a65839f0a192') in 0.173973 seconds 
========================================================================
Received Import Request.
  Time since last request: 101.215008 seconds.
  path: Assets/CMU Mocap/01/01_03.fbx
  artifactKey: Guid(e578e85fb174540fbb48fde2789128e5) Importer(815301076,1909f56bfc062723c751e8b465ee728b)
Start importing Assets/CMU Mocap/01/01_03.fbx using Guid(e578e85fb174540fbb48fde2789128e5) Importer(815301076,1909f56bfc062723c751e8b465ee728b)  -> (artifact id: '4c3d3b392adb93acdd4a211b8f2c7ca2') in 0.018442 seconds 
========================================================================
Received Import Request.
  Time since last request: 0.920865 seconds.
  path: Assets/CMU Mocap/01/01_04.fbx
  artifactKey: Guid(bf452c0e682f84ac694220d631712b59) Importer(815301076,1909f56bfc062723c751e8b465ee728b)
Start importing Assets/CMU Mocap/01/01_04.fbx using Guid(bf452c0e682f84ac694220d631712b59) Importer(815301076,1909f56bfc062723c751e8b465ee728b)  -> (artifact id: 'a237e81ba768bb49c06f9933761beef7') in 0.016506 seconds 
========================================================================
Received Import Request.
  Time since last request: 0.869171 seconds.
  path: Assets/CMU Mocap/01/01_05.fbx
  artifactKey: Guid(b0882d59153944ac48137006dacdb95c) Importer(815301076,1909f56bfc062723c751e8b465ee728b)
Start importing Assets/CMU Mocap/01/01_05.fbx using Guid(b0882d59153944ac48137006dacdb95c) Importer(815301076,1909f56bfc062723c751e8b465ee728b)  -> (artifact id: '80666de962a516474f0058511b49000a') in 0.014022 seconds 
========================================================================
Received Import Request.
  Time since last request: 29.510754 seconds.
  path: Assets/CMU Mocap/01/01_10.fbx
  artifactKey: Guid(ec36fdd70c4c3479fb38c0cdc88185d9) Importer(815301076,1909f56bfc062723c751e8b465ee728b)
Start importing Assets/CMU Mocap/01/01_10.fbx using Guid(ec36fdd70c4c3479fb38c0cdc88185d9) Importer(815301076,1909f56bfc062723c751e8b465ee728b)  -> (artifact id: 'ba132fff5add628fc1337dc1c44b2038') in 0.011692 seconds 
========================================================================
Received Import Request.
  Time since last request: 104.159965 seconds.
  path: Assets/CMU Mocap/01/01_11.fbx
  artifactKey: Guid(4ce4b5993e978474bb2f7968d7bd96f4) Importer(815301076,1909f56bfc062723c751e8b465ee728b)
Start importing Assets/CMU Mocap/01/01_11.fbx using Guid(4ce4b5993e978474bb2f7968d7bd96f4) Importer(815301076,1909f56bfc062723c751e8b465ee728b)  -> (artifact id: '0b2aadb9ddea8aedc359a9012188a6b8') in 0.012017 seconds 
========================================================================
Received Import Request.
  Time since last request: 0.142311 seconds.
  path: Assets/CMU Mocap/01/01_12.fbx
  artifactKey: Guid(6c253b118a23c4f54b5128980a2f096a) Importer(815301076,1909f56bfc062723c751e8b465ee728b)
Start importing Assets/CMU Mocap/01/01_12.fbx using Guid(6c253b118a23c4f54b5128980a2f096a) Importer(815301076,1909f56bfc062723c751e8b465ee728b)  -> (artifact id: '0e29843c330edbae1c3528179bc66d96') in 0.019280 seconds 
========================================================================
Received Import Request.
  Time since last request: 0.140770 seconds.
  path: Assets/CMU Mocap/01/01_13.fbx
  artifactKey: Guid(d33d3f4848902455d91c49de6013c201) Importer(815301076,1909f56bfc062723c751e8b465ee728b)
Start importing Assets/CMU Mocap/01/01_13.fbx using Guid(d33d3f4848902455d91c49de6013c201) Importer(815301076,1909f56bfc062723c751e8b465ee728b)  -> (artifact id: 'f575e4bc423635afa49d640fa2220fa0') in 0.009831 seconds 
========================================================================
Received Import Request.
  Time since last request: 0.249209 seconds.
  path: Assets/CMU Mocap/01/01_14.fbx
  artifactKey: Guid(c9769204ba1b349929dc03a1d99358f4) Importer(815301076,1909f56bfc062723c751e8b465ee728b)
Start importing Assets/CMU Mocap/01/01_14.fbx using Guid(c9769204ba1b349929dc03a1d99358f4) Importer(815301076,1909f56bfc062723c751e8b465ee728b)  -> (artifact id: '4e13cac2881fa7e57cb25bd6e665eb61') in 0.009701 seconds 
========================================================================
Received Import Request.
  Time since last request: 0.864231 seconds.
  path: Assets/CMU Mocap/01/01_09.fbx
  artifactKey: Guid(794ec4d2afb1a456e8bf2b5f03ab58f7) Importer(815301076,1909f56bfc062723c751e8b465ee728b)
Start importing Assets/CMU Mocap/01/01_09.fbx using Guid(794ec4d2afb1a456e8bf2b5f03ab58f7) Importer(815301076,1909f56bfc062723c751e8b465ee728b)  -> (artifact id: '1ba39d0466f4a28d927bd44a35485921') in 0.008729 seconds 
========================================================================
Received Import Request.
  Time since last request: 0.017850 seconds.
  path: Assets/CMU Mocap/01/01_08.fbx
  artifactKey: Guid(4c9bddff18ff946b38905332937a2686) Importer(815301076,1909f56bfc062723c751e8b465ee728b)
Start importing Assets/CMU Mocap/01/01_08.fbx using Guid(4c9bddff18ff946b38905332937a2686) Importer(815301076,1909f56bfc062723c751e8b465ee728b)  -> (artifact id: '5fabac1b4a42741878a15ca81de833a8') in 0.008311 seconds 
========================================================================
Received Import Request.
  Time since last request: 0.024528 seconds.
  path: Assets/CMU Mocap/01/01_07.fbx
  artifactKey: Guid(8110083aa75d8486f8760e2ceb4857c0) Importer(815301076,1909f56bfc062723c751e8b465ee728b)
Start importing Assets/CMU Mocap/01/01_07.fbx using Guid(8110083aa75d8486f8760e2ceb4857c0) Importer(815301076,1909f56bfc062723c751e8b465ee728b)  -> (artifact id: '50505085c12e0fc41a81c2d3f622eac0') in 0.012241 seconds 
========================================================================
Received Import Request.
  Time since last request: 0.031241 seconds.
  path: Assets/CMU Mocap/01/01_06.fbx
  artifactKey: Guid(d93b48fe2a6474de891845a18f78465e) Importer(815301076,1909f56bfc062723c751e8b465ee728b)
Start importing Assets/CMU Mocap/01/01_06.fbx using Guid(d93b48fe2a6474de891845a18f78465e) Importer(815301076,1909f56bfc062723c751e8b465ee728b)  -> (artifact id: '05bb61126b10df18ea892e302e4e105a') in 0.009673 seconds 
========================================================================
Received Import Request.
  Time since last request: 0.108811 seconds.
  path: Assets/CMU Mocap/01/01_02.fbx
  artifactKey: Guid(10e45192fe80c4f0d8b2c923555b7ea5) Importer(815301076,1909f56bfc062723c751e8b465ee728b)
Start importing Assets/CMU Mocap/01/01_02.fbx using Guid(10e45192fe80c4f0d8b2c923555b7ea5) Importer(815301076,1909f56bfc062723c751e8b465ee728b)  -> (artifact id: '4be7bd04728fe16afeae725da6d16c67') in 0.010675 seconds 
========================================================================
Received Prepare
Registering precompiled user dll's ...
Registered in 0.009740 seconds.
Begin MonoManager ReloadAssembly
Thread 0x17fe3f000 may have been prematurely finalized
Symbol file LoadedFromMemory doesn't match image /Users/clewis/dev/sandbox/CMUMocap/Library/PackageCache/com.unity.visualscripting@1.7.8/Editor/VisualScripting.Core/Dependencies/YamlDotNet/Unity.VisualScripting.YamlDotNet.dll
Symbol file LoadedFromMemory doesn't match image /Users/clewis/dev/sandbox/CMUMocap/Library/PackageCache/com.unity.visualscripting@1.7.8/Editor/VisualScripting.Core/Dependencies/DotNetZip/Unity.VisualScripting.IonicZip.dll
Native extension for OSXStandalone target not found
Refreshing native plugins compatible for Editor in 0.46 ms, found 2 plugins.
Preloading 0 native plugins for Editor in 0.00 ms.
Mono: successfully reloaded assembly
- Completed reload, in  0.862 seconds
Domain Reload Profiling:
	ReloadAssembly (863ms)
		BeginReloadAssembly (227ms)
			ExecutionOrderSort (0ms)
			DisableScriptedObjects (6ms)
			BackupInstance (0ms)
			ReleaseScriptingObjects (0ms)
			CreateAndSetChildDomain (94ms)
		EndReloadAssembly (569ms)
			LoadAssemblies (150ms)
			RebuildTransferFunctionScriptingTraits (0ms)
			SetupTypeCache (217ms)
			ReleaseScriptCaches (1ms)
			RebuildScriptCaches (29ms)
			SetupLoadedEditorAssemblies (201ms)
				LogAssemblyErrors (0ms)
				InitializePlatformSupportModulesInManaged (7ms)
				SetLoadedEditorAssemblies (0ms)
				RefreshPlugins (0ms)
				BeforeProcessingInitializeOnLoad (39ms)
				ProcessInitializeOnLoadAttributes (131ms)
				ProcessInitializeOnLoadMethodAttributes (22ms)
				AfterProcessingInitializeOnLoad (1ms)
				EditorAssembliesLoaded (0ms)
			ExecutionOrderSort2 (0ms)
			AwakeInstancesAfterBackupRestoration (2ms)
Platform modules already initialized, skipping
Refreshing native plugins compatible for Editor in 1.37 ms, found 2 plugins.
Preloading 0 native plugins for Editor in 0.00 ms.
Unloading 3363 Unused Serialized files (Serialized files now loaded: 0)
Unloading 20 unused Assets / (71.0 KB). Loaded Objects now: 3832.
Memory consumption went from 235.5 MB to 235.4 MB.
Total: 3.345667 ms (FindLiveObjects: 0.115833 ms CreateObjectMapping: 0.041417 ms MarkObjects: 2.606875 ms  DeleteObjects: 0.580667 ms)

AssetImportParameters requested are different than current active one (requested -> active):
  custom:video-decoder-ogg-theora: a1e56fd34408186e4bbccfd4996cb3dc -> 
  custom:container-muxer-webm: aa71ff27fc2769a1b78a27578f13a17b -> 
  custom:container-demuxer-webm: 4f35f7cbe854078d1ac9338744f61a02 -> 
  custom:video-encoder-webm-vp8: eb34c28f22e8b96e1ab97ce403110664 -> 
  custom:framework-osx-AVFoundation: e770b220cccbd017edd2c1fefb359320 -> 
  custom:audio-encoder-webm-vorbis: bf7c407c2cedff20999df2af8eb42d56 -> 
  custom:container-demuxer-ogg: 62fdf1f143b41e24485cea50d1cbac27 -> 
  custom:video-decoder-webm-vp8: 9c59270c3fd7afecdb556c50c9e8de78 -> 
  custom:audio-decoder-ogg-vorbis: bf7c407c2cedff20999df2af8eb42d56 -> 
========================================================================
Received Import Request.
  Time since last request: 192.498496 seconds.
  path: Assets/CMU Mocap/01/01_05.fbx
  artifactKey: Guid(b0882d59153944ac48137006dacdb95c) Importer(815301076,1909f56bfc062723c751e8b465ee728b)
Start importing Assets/CMU Mocap/01/01_05.fbx using Guid(b0882d59153944ac48137006dacdb95c) Importer(815301076,1909f56bfc062723c751e8b465ee728b)  -> (artifact id: '6ed43a59066448d9620374e13dbf1013') in 0.282050 seconds 
========================================================================
Received Import Request.
  Time since last request: 34.715352 seconds.
  path: Assets/CMU Mocap/01/01_01.fbx
  artifactKey: Guid(b3bee0f1974c04cae91963a7eb41d63d) Importer(815301076,1909f56bfc062723c751e8b465ee728b)
Start importing Assets/CMU Mocap/01/01_01.fbx using Guid(b3bee0f1974c04cae91963a7eb41d63d) Importer(815301076,1909f56bfc062723c751e8b465ee728b)  -> (artifact id: 'b99c8fc85cfece235643d090a61db184') in 0.010254 seconds 
========================================================================
Received Import Request.
  Time since last request: 14.318211 seconds.
  path: Assets/CMU Mocap/09/09_04.fbx
  artifactKey: Guid(da76bd6b5cabb428aa7a9957dc0b71d2) Importer(815301076,1909f56bfc062723c751e8b465ee728b)
Start importing Assets/CMU Mocap/09/09_04.fbx using Guid(da76bd6b5cabb428aa7a9957dc0b71d2) Importer(815301076,1909f56bfc062723c751e8b465ee728b)  -> (artifact id: 'ece3584c9d9f0a6e91b2030e60bdfc7c') in 0.009261 seconds 
